2023-02-07 23:03:39.527 [main] INFO  de.lieferando.api.testcases.ChickenApiTest - Starting test suite.
2023-02-07 23:03:39.570 [TestNG-test=Take away sanity for WEB and API-2] INFO  de.lieferando.api.services.CoopSymfonyCastsAuthorizer - Authorizing for Coop Service.
2023-02-07 23:03:39.632 [TestNG-test=Take away sanity for WEB and API-1] INFO  de.lieferando.api.services.CoopSymfonyCastsAuthorizer - Setting up browser : chrome
2023-02-07 23:03:39.773 [TestNG-test=Take away sanity for WEB and API-2] INFO  de.lieferando.api.services.CoopSymfonyCastsAuthorizer - Setting Cookies.
2023-02-07 23:03:41.236 [TestNG-test=Take away sanity for WEB and API-1] DEBUG io.netty.util.internal.logging.InternalLoggerFactory - Using Log4J2 as the default logging framework
2023-02-07 23:03:41.248 [TestNG-test=Take away sanity for WEB and API-1] DEBUG io.netty.util.ResourceLeakDetector - -Dio.netty.leakDetection.level: simple
2023-02-07 23:03:41.249 [TestNG-test=Take away sanity for WEB and API-1] DEBUG io.netty.util.ResourceLeakDetector - -Dio.netty.leakDetection.targetRecords: 4
2023-02-07 23:03:41.257 [TestNG-test=Take away sanity for WEB and API-1] DEBUG io.netty.util.ResourceLeakDetectorFactory - Loaded default ResourceLeakDetector: io.netty.util.ResourceLeakDetector@7f2d9951
2023-02-07 23:03:41.288 [TestNG-test=Take away sanity for WEB and API-1] DEBUG io.netty.util.internal.PlatformDependent0 - -Dio.netty.noUnsafe: false
2023-02-07 23:03:41.289 [TestNG-test=Take away sanity for WEB and API-1] DEBUG io.netty.util.internal.PlatformDependent0 - Java version: 15
2023-02-07 23:03:41.302 [TestNG-test=Take away sanity for WEB and API-1] DEBUG io.netty.util.internal.PlatformDependent0 - sun.misc.Unsafe.theUnsafe: available
2023-02-07 23:03:41.306 [TestNG-test=Take away sanity for WEB and API-1] DEBUG io.netty.util.internal.PlatformDependent0 - sun.misc.Unsafe.copyMemory: available
2023-02-07 23:03:41.307 [TestNG-test=Take away sanity for WEB and API-1] DEBUG io.netty.util.internal.PlatformDependent0 - sun.misc.Unsafe.storeFence: available
2023-02-07 23:03:41.310 [TestNG-test=Take away sanity for WEB and API-1] DEBUG io.netty.util.internal.PlatformDependent0 - java.nio.Buffer.address: available
2023-02-07 23:03:41.311 [TestNG-test=Take away sanity for WEB and API-1] DEBUG io.netty.util.internal.PlatformDependent0 - direct buffer constructor: unavailable: Reflective setAccessible(true) disabled
2023-02-07 23:03:41.312 [TestNG-test=Take away sanity for WEB and API-1] DEBUG io.netty.util.internal.PlatformDependent0 - java.nio.Bits.unaligned: available, true
2023-02-07 23:03:41.314 [TestNG-test=Take away sanity for WEB and API-1] DEBUG io.netty.util.internal.PlatformDependent0 - jdk.internal.misc.Unsafe.allocateUninitializedArray(int): unavailable: class io.netty.util.internal.PlatformDependent0$7 cannot access class jdk.internal.misc.Unsafe (in module java.base) because module java.base does not export jdk.internal.misc to unnamed module @14ef99ab
2023-02-07 23:03:41.317 [TestNG-test=Take away sanity for WEB and API-1] DEBUG io.netty.util.internal.PlatformDependent0 - java.nio.DirectByteBuffer.<init>(long, int): unavailable
2023-02-07 23:03:41.317 [TestNG-test=Take away sanity for WEB and API-1] DEBUG io.netty.util.internal.PlatformDependent - sun.misc.Unsafe: available
2023-02-07 23:03:41.323 [TestNG-test=Take away sanity for WEB and API-1] DEBUG io.netty.util.internal.PlatformDependent - maxDirectMemory: 2147483648 bytes (maybe)
2023-02-07 23:03:41.324 [TestNG-test=Take away sanity for WEB and API-1] DEBUG io.netty.util.internal.PlatformDependent - -Dio.netty.tmpdir: /var/folders/9m/d4mgflw96135b4r3ywyxqjs40000gn/T (java.io.tmpdir)
2023-02-07 23:03:41.324 [TestNG-test=Take away sanity for WEB and API-1] DEBUG io.netty.util.internal.PlatformDependent - -Dio.netty.bitMode: 64 (sun.arch.data.model)
2023-02-07 23:03:41.329 [TestNG-test=Take away sanity for WEB and API-1] DEBUG io.netty.util.internal.PlatformDependent - Platform: MacOS
2023-02-07 23:03:41.330 [TestNG-test=Take away sanity for WEB and API-1] DEBUG io.netty.util.internal.PlatformDependent - -Dio.netty.maxDirectMemory: -1 bytes
2023-02-07 23:03:41.332 [TestNG-test=Take away sanity for WEB and API-1] DEBUG io.netty.util.internal.PlatformDependent - -Dio.netty.uninitializedArrayAllocationThreshold: -1
2023-02-07 23:03:41.334 [TestNG-test=Take away sanity for WEB and API-1] DEBUG io.netty.util.internal.CleanerJava9 - java.nio.ByteBuffer.cleaner(): available
2023-02-07 23:03:41.334 [TestNG-test=Take away sanity for WEB and API-1] DEBUG io.netty.util.internal.PlatformDependent - -Dio.netty.noPreferDirect: false
2023-02-07 23:03:41.340 [TestNG-test=Take away sanity for WEB and API-1] DEBUG io.netty.util.internal.PlatformDependent - org.jctools-core.MpscChunkedArrayQueue: available
2023-02-07 23:03:41.369 [TestNG-test=Take away sanity for WEB and API-1] DEBUG io.netty.util.internal.InternalThreadLocalMap - -Dio.netty.threadLocalMap.stringBuilder.initialSize: 1024
2023-02-07 23:03:41.370 [TestNG-test=Take away sanity for WEB and API-1] DEBUG io.netty.util.internal.InternalThreadLocalMap - -Dio.netty.threadLocalMap.stringBuilder.maxSize: 4096
2023-02-07 23:03:41.442 [TestNG-test=Take away sanity for WEB and API-1] DEBUG io.netty.handler.ssl.JdkSslContext - Default protocols (JDK): [TLSv1.3, TLSv1.2, TLSv1.1, TLSv1] 
2023-02-07 23:03:41.443 [TestNG-test=Take away sanity for WEB and API-1] DEBUG io.netty.handler.ssl.JdkSslContext - Default cipher suites (JDK): [TLS_ECDHE_ECDSA_WITH_AES_256_GCM_SHA384, TLS_ECDHE_ECDSA_WITH_AES_128_GCM_SHA256, TLS_ECDHE_RSA_WITH_AES_128_GCM_SHA256, TLS_ECDHE_RSA_WITH_AES_256_GCM_SHA384, TLS_ECDHE_RSA_WITH_AES_128_CBC_SHA, TLS_ECDHE_RSA_WITH_AES_256_CBC_SHA, TLS_RSA_WITH_AES_128_GCM_SHA256, TLS_RSA_WITH_AES_128_CBC_SHA, TLS_RSA_WITH_AES_256_CBC_SHA, TLS_AES_128_GCM_SHA256, TLS_AES_256_GCM_SHA384]
2023-02-07 23:03:41.473 [TestNG-test=Take away sanity for WEB and API-1] DEBUG io.netty.channel.MultithreadEventLoopGroup - -Dio.netty.eventLoopThreads: 16
2023-02-07 23:03:41.520 [TestNG-test=Take away sanity for WEB and API-1] DEBUG io.netty.channel.nio.NioEventLoop - -Dio.netty.noKeySetOptimization: false
2023-02-07 23:03:41.524 [TestNG-test=Take away sanity for WEB and API-1] DEBUG io.netty.channel.nio.NioEventLoop - -Dio.netty.selectorAutoRebuildThreshold: 512
2023-02-07 23:03:41.547 [TestNG-test=Take away sanity for WEB and API-1] DEBUG io.netty.buffer.PooledByteBufAllocator - -Dio.netty.allocator.numHeapArenas: 16
2023-02-07 23:03:41.547 [TestNG-test=Take away sanity for WEB and API-1] DEBUG io.netty.buffer.PooledByteBufAllocator - -Dio.netty.allocator.numDirectArenas: 16
2023-02-07 23:03:41.548 [TestNG-test=Take away sanity for WEB and API-1] DEBUG io.netty.buffer.PooledByteBufAllocator - -Dio.netty.allocator.pageSize: 8192
2023-02-07 23:03:41.548 [TestNG-test=Take away sanity for WEB and API-1] DEBUG io.netty.buffer.PooledByteBufAllocator - -Dio.netty.allocator.maxOrder: 9
2023-02-07 23:03:41.548 [TestNG-test=Take away sanity for WEB and API-1] DEBUG io.netty.buffer.PooledByteBufAllocator - -Dio.netty.allocator.chunkSize: 4194304
2023-02-07 23:03:41.548 [TestNG-test=Take away sanity for WEB and API-1] DEBUG io.netty.buffer.PooledByteBufAllocator - -Dio.netty.allocator.smallCacheSize: 256
2023-02-07 23:03:41.548 [TestNG-test=Take away sanity for WEB and API-1] DEBUG io.netty.buffer.PooledByteBufAllocator - -Dio.netty.allocator.normalCacheSize: 64
2023-02-07 23:03:41.548 [TestNG-test=Take away sanity for WEB and API-1] DEBUG io.netty.buffer.PooledByteBufAllocator - -Dio.netty.allocator.maxCachedBufferCapacity: 32768
2023-02-07 23:03:41.548 [TestNG-test=Take away sanity for WEB and API-1] DEBUG io.netty.buffer.PooledByteBufAllocator - -Dio.netty.allocator.cacheTrimInterval: 8192
2023-02-07 23:03:41.548 [TestNG-test=Take away sanity for WEB and API-1] DEBUG io.netty.buffer.PooledByteBufAllocator - -Dio.netty.allocator.cacheTrimIntervalMillis: 0
2023-02-07 23:03:41.548 [TestNG-test=Take away sanity for WEB and API-1] DEBUG io.netty.buffer.PooledByteBufAllocator - -Dio.netty.allocator.useCacheForAllThreads: false
2023-02-07 23:03:41.549 [TestNG-test=Take away sanity for WEB and API-1] DEBUG io.netty.buffer.PooledByteBufAllocator - -Dio.netty.allocator.maxCachedByteBuffersPerChunk: 1023
2023-02-07 23:03:41.557 [TestNG-test=Take away sanity for WEB and API-1] DEBUG io.netty.buffer.ByteBufUtil - -Dio.netty.allocator.type: pooled
2023-02-07 23:03:41.558 [TestNG-test=Take away sanity for WEB and API-1] DEBUG io.netty.buffer.ByteBufUtil - -Dio.netty.threadLocalDirectBufferSize: 0
2023-02-07 23:03:41.558 [TestNG-test=Take away sanity for WEB and API-1] DEBUG io.netty.buffer.ByteBufUtil - -Dio.netty.maxThreadLocalCharBufferSize: 16384
2023-02-07 23:03:41.826 [TestNG-test=Take away sanity for WEB and API-2] INFO  de.lieferando.api.services.CoopSymfonyCastsAuthorizer - Performing Login
2023-02-07 23:03:41.959 [Forwarding newSession on session null to remote] DEBUG io.netty.channel.DefaultChannelId - -Dio.netty.processId: 2779 (auto-detected)
2023-02-07 23:03:41.963 [Forwarding newSession on session null to remote] DEBUG io.netty.util.NetUtil - -Djava.net.preferIPv4Stack: false
2023-02-07 23:03:41.964 [Forwarding newSession on session null to remote] DEBUG io.netty.util.NetUtil - -Djava.net.preferIPv6Addresses: false
2023-02-07 23:03:41.971 [Forwarding newSession on session null to remote] DEBUG io.netty.util.NetUtilInitializations - Loopback interface: lo0 (lo0, 0:0:0:0:0:0:0:1%lo0)
2023-02-07 23:03:41.975 [Forwarding newSession on session null to remote] DEBUG io.netty.util.NetUtil - Failed to get SOMAXCONN from sysctl and file /proc/sys/net/core/somaxconn. Default: 128
2023-02-07 23:03:41.981 [Forwarding newSession on session null to remote] DEBUG io.netty.channel.DefaultChannelId - -Dio.netty.machineId: 18:3e:ef:ff:fe:cb:09:99 (auto-detected)
2023-02-07 23:03:42.031 [AsyncHttpClient-1-2] DEBUG io.netty.buffer.AbstractByteBuf - -Dio.netty.buffer.checkAccessible: true
2023-02-07 23:03:42.033 [AsyncHttpClient-1-2] DEBUG io.netty.buffer.AbstractByteBuf - -Dio.netty.buffer.checkBounds: true
2023-02-07 23:03:42.033 [AsyncHttpClient-1-2] DEBUG io.netty.util.ResourceLeakDetectorFactory - Loaded default ResourceLeakDetector: io.netty.util.ResourceLeakDetector@61869610
2023-02-07 23:03:42.048 [AsyncHttpClient-1-2] DEBUG io.netty.util.Recycler - -Dio.netty.recycler.maxCapacityPerThread: 4096
2023-02-07 23:03:42.049 [AsyncHttpClient-1-2] DEBUG io.netty.util.Recycler - -Dio.netty.recycler.ratio: 8
2023-02-07 23:03:42.049 [AsyncHttpClient-1-2] DEBUG io.netty.util.Recycler - -Dio.netty.recycler.chunkSize: 32
2023-02-07 23:03:42.049 [AsyncHttpClient-1-2] DEBUG io.netty.util.Recycler - -Dio.netty.recycler.blocking: false
2023-02-07 23:03:42.312 [TestNG-test=Take away sanity for WEB and API-2] INFO  de.lieferando.api.services.CoopSymfonyCastsAuthorizer - Request to authorize with scope barn-unlock toiletseat-down chickens-feed eggs-collect eggs-count profile
2023-02-07 23:03:42.600 [TestNG-test=Take away sanity for WEB and API-2] INFO  de.lieferando.api.services.CoopSymfonyCastsAuthorizer - Perform request to get token
2023-02-07 23:03:43.795 [TestNG-test=Take away sanity for WEB and API-2] INFO  de.lieferando.api.services.CoopSymfonyCastsAuthorizer - Done with Request Specification.
2023-02-07 23:03:43.814 [TestNG-test=Take away sanity for WEB and API-2] INFO  de.lieferando.api.services.CoopSymfonyCastsAuthorizer - ******************************************************************************
2023-02-07 23:03:43.814 [TestNG-test=Take away sanity for WEB and API-2] INFO  de.lieferando.api.services.CoopSymfonyCastsAuthorizer - ----------------- Starting Test Case  :  User is able to collect eggs
2023-02-07 23:03:43.814 [TestNG-test=Take away sanity for WEB and API-2] INFO  de.lieferando.api.services.CoopSymfonyCastsAuthorizer - ******************************************************************************
2023-02-07 23:03:43.826 [TestNG-test=Take away sanity for WEB and API-2] INFO  de.lieferando.api.services.CoopSymfonyCastsAuthorizer - ******************************************************************************
2023-02-07 23:03:43.827 [TestNG-test=Take away sanity for WEB and API-2] INFO  de.lieferando.api.services.CoopSymfonyCastsAuthorizer - ----------------- Starting Test Case  :  User is able to collect eggs
2023-02-07 23:03:43.827 [TestNG-test=Take away sanity for WEB and API-2] INFO  de.lieferando.api.services.CoopSymfonyCastsAuthorizer - ******************************************************************************
2023-02-07 23:03:44.437 [TestNG-test=Take away sanity for WEB and API-2] INFO  de.lieferando.api.services.CoopSymfonyCastsAuthorizer - Success of test cases and its details are : testCollectEggs
2023-02-07 23:03:44.440 [TestNG-test=Take away sanity for WEB and API-2] INFO  de.lieferando.api.services.CoopSymfonyCastsAuthorizer - ******************************************************************************
2023-02-07 23:03:44.440 [TestNG-test=Take away sanity for WEB and API-2] INFO  de.lieferando.api.services.CoopSymfonyCastsAuthorizer - ----------------- Starting Test Case  :  Verify daily collected eggs counter
2023-02-07 23:03:44.440 [TestNG-test=Take away sanity for WEB and API-2] INFO  de.lieferando.api.services.CoopSymfonyCastsAuthorizer - ******************************************************************************
2023-02-07 23:03:44.441 [TestNG-test=Take away sanity for WEB and API-2] INFO  de.lieferando.api.services.CoopSymfonyCastsAuthorizer - ******************************************************************************
2023-02-07 23:03:44.441 [TestNG-test=Take away sanity for WEB and API-2] INFO  de.lieferando.api.services.CoopSymfonyCastsAuthorizer - ----------------- Starting Test Case  :  Verify daily collected eggs counter
2023-02-07 23:03:44.441 [TestNG-test=Take away sanity for WEB and API-2] INFO  de.lieferando.api.services.CoopSymfonyCastsAuthorizer - ******************************************************************************
2023-02-07 23:03:50.705 [AsyncHttpClient-1-2] DEBUG io.netty.handler.codec.compression.Brotli - brotli4j not in the classpath; Brotli support will be unavailable.
2023-02-07 23:03:50.909 [TestNG-test=Take away sanity for WEB and API-1] DEBUG io.netty.util.internal.ThreadLocalRandom - -Dio.netty.initialSeedUniquifier: 0x9045c79fd968335b
2023-02-07 23:03:51.375 [TestNG-test=Take away sanity for WEB and API-1] INFO  de.lieferando.api.services.CoopSymfonyCastsAuthorizer - Fetching URL : https://www.lieferando.de/en/
2023-02-07 23:04:06.298 [TestNG-test=Take away sanity for WEB and API-1] INFO  de.lieferando.ui.pages.MainPage - ******************************************************************************
2023-02-07 23:04:06.299 [TestNG-test=Take away sanity for WEB and API-1] INFO  de.lieferando.ui.pages.MainPage - ----------------- Starting Test Case  :  User can filter restaurant by category
2023-02-07 23:04:06.299 [TestNG-test=Take away sanity for WEB and API-1] INFO  de.lieferando.ui.pages.MainPage - ******************************************************************************
2023-02-07 23:04:06.301 [TestNG-test=Take away sanity for WEB and API-1] INFO  de.lieferando.ui.pages.MainPage - Starting to Enter address in search box
2023-02-07 23:04:10.434 [TestNG-test=Take away sanity for WEB and API-1] DEBUG de.lieferando.ui.pages.MainPage - Deleting Cookies
2023-02-07 23:04:10.479 [TestNG-test=Take away sanity for WEB and API-1] INFO  de.lieferando.ui.pages.MainPage - Fetching restaurant with the given address
2023-02-07 23:04:12.802 [TestNG-test=Take away sanity for WEB and API-2] INFO  de.lieferando.ui.pages.MainPage - Success of test cases and its details are : testCollectEggsAndCount
2023-02-07 23:04:12.806 [TestNG-test=Take away sanity for WEB and API-2] INFO  de.lieferando.ui.pages.MainPage - ******************************************************************************
2023-02-07 23:04:12.806 [TestNG-test=Take away sanity for WEB and API-2] INFO  de.lieferando.ui.pages.MainPage - ----------------- Starting Test Case  :  User is not able to collect eggs too many times
2023-02-07 23:04:12.806 [TestNG-test=Take away sanity for WEB and API-2] INFO  de.lieferando.ui.pages.MainPage - ******************************************************************************
2023-02-07 23:04:12.807 [TestNG-test=Take away sanity for WEB and API-2] INFO  de.lieferando.ui.pages.MainPage - ******************************************************************************
2023-02-07 23:04:12.807 [TestNG-test=Take away sanity for WEB and API-2] INFO  de.lieferando.ui.pages.MainPage - ----------------- Starting Test Case  :  User is not able to collect eggs too many times
2023-02-07 23:04:12.807 [TestNG-test=Take away sanity for WEB and API-2] INFO  de.lieferando.ui.pages.MainPage - ******************************************************************************
2023-02-07 23:04:13.440 [TestNG-test=Take away sanity for WEB and API-2] INFO  de.lieferando.ui.pages.MainPage - Success of test cases and its details are : testFailToCollectEggs
2023-02-07 23:04:13.448 [TestNG-test=Take away sanity for WEB and API-2] INFO  de.lieferando.ui.pages.MainPage - ******************************************************************************
2023-02-07 23:04:13.448 [TestNG-test=Take away sanity for WEB and API-2] INFO  de.lieferando.ui.pages.MainPage - ----------------- Starting Test Case  :  User is able to feed chickens
2023-02-07 23:04:13.449 [TestNG-test=Take away sanity for WEB and API-2] INFO  de.lieferando.ui.pages.MainPage - ******************************************************************************
2023-02-07 23:04:13.449 [TestNG-test=Take away sanity for WEB and API-2] INFO  de.lieferando.ui.pages.MainPage - ******************************************************************************
2023-02-07 23:04:13.449 [TestNG-test=Take away sanity for WEB and API-2] INFO  de.lieferando.ui.pages.MainPage - ----------------- Starting Test Case  :  User is able to feed chickens
2023-02-07 23:04:13.449 [TestNG-test=Take away sanity for WEB and API-2] INFO  de.lieferando.ui.pages.MainPage - ******************************************************************************
2023-02-07 23:04:13.839 [TestNG-test=Take away sanity for WEB and API-2] INFO  de.lieferando.ui.pages.MainPage - Success of test cases and its details are : userFeedChickenFirstTime
2023-02-07 23:04:13.841 [TestNG-test=Take away sanity for WEB and API-2] INFO  de.lieferando.ui.pages.MainPage - ******************************************************************************
2023-02-07 23:04:13.841 [TestNG-test=Take away sanity for WEB and API-2] INFO  de.lieferando.ui.pages.MainPage - ----------------- Starting Test Case  :  Warning when chickens are fed too much
2023-02-07 23:04:13.841 [TestNG-test=Take away sanity for WEB and API-2] INFO  de.lieferando.ui.pages.MainPage - ******************************************************************************
2023-02-07 23:04:13.842 [TestNG-test=Take away sanity for WEB and API-2] INFO  de.lieferando.ui.pages.MainPage - ******************************************************************************
2023-02-07 23:04:13.842 [TestNG-test=Take away sanity for WEB and API-2] INFO  de.lieferando.ui.pages.MainPage - ----------------- Starting Test Case  :  Warning when chickens are fed too much
2023-02-07 23:04:13.842 [TestNG-test=Take away sanity for WEB and API-2] INFO  de.lieferando.ui.pages.MainPage - ******************************************************************************
2023-02-07 23:04:14.466 [TestNG-test=Take away sanity for WEB and API-2] INFO  de.lieferando.ui.pages.MainPage - Success of test cases and its details are : userFeedChickenTwoTimes
2023-02-07 23:04:21.446 [TestNG-test=Take away sanity for WEB and API-1] INFO  de.lieferando.ui.pages.MainPage - Success of test cases and its details are : userFilterRestaurantByCategory
2023-02-07 23:04:21.447 [TestNG-test=Take away sanity for WEB and API-1] INFO  de.lieferando.ui.pages.MainPage - Closing browser
2023-02-07 23:04:21.572 [TestNG-test=Take away sanity for WEB and API-1] INFO  de.lieferando.ui.pages.MainPage - Setting up browser : chrome
2023-02-07 23:04:27.542 [TestNG-test=Take away sanity for WEB and API-1] INFO  de.lieferando.ui.pages.MainPage - Fetching URL : https://www.lieferando.de/en/
2023-02-07 23:04:42.897 [TestNG-test=Take away sanity for WEB and API-1] INFO  de.lieferando.ui.pages.MainPage - ******************************************************************************
2023-02-07 23:04:42.897 [TestNG-test=Take away sanity for WEB and API-1] INFO  de.lieferando.ui.pages.MainPage - ----------------- Starting Test Case  :  User can search and filter restaurant by delivery cost
2023-02-07 23:04:42.897 [TestNG-test=Take away sanity for WEB and API-1] INFO  de.lieferando.ui.pages.MainPage - ******************************************************************************
2023-02-07 23:04:42.900 [TestNG-test=Take away sanity for WEB and API-1] INFO  de.lieferando.ui.pages.MainPage - Starting to Enter address in search box
2023-02-07 23:04:46.798 [TestNG-test=Take away sanity for WEB and API-1] DEBUG de.lieferando.ui.pages.MainPage - Deleting Cookies
2023-02-07 23:04:46.842 [TestNG-test=Take away sanity for WEB and API-1] INFO  de.lieferando.ui.pages.MainPage - Fetching restaurant with the given address
2023-02-07 23:04:57.719 [TestNG-test=Take away sanity for WEB and API-1] INFO  de.lieferando.ui.pages.MainPage - Success of test cases and its details are : userFilterSearchedRestaurantByDeliveryCost
2023-02-07 23:04:57.722 [TestNG-test=Take away sanity for WEB and API-1] INFO  de.lieferando.ui.pages.MainPage - Closing browser
2023-02-07 23:04:57.878 [main] INFO  de.lieferando.ui.pages.MainPage - ******************************************************************************
2023-02-07 23:04:57.881 [main] INFO  de.lieferando.ui.pages.MainPage - ----------------- Ending Test Case    :  User can search and filter restaurant by delivery cost
2023-02-07 23:04:57.881 [main] INFO  de.lieferando.ui.pages.MainPage - ******************************************************************************
